# JRE version: Java(TM) SE Runtime Environment (17.0.7+8) (build 17.0.7+8-LTS-224)
# Java VM: Java HotSpot(TM) 64-Bit Server VM (17.0.7+8-LTS-224, mixed mode, sharing, tiered, compressed oops, compressed class ptrs, g1 gc, windows-amd64)
GC Precious Log:
 CPUs: 4 total, 4 available
 Memory: 16056M
 Large Page Support: Disabled
 NUMA Support: Disabled
 Compressed Oops: Enabled (Zero based)
 Heap Region Size: 2M
 Heap Min Capacity: 8M
 Heap Initial Capacity: 252M
 Heap Max Capacity: 4016M
 Pre-touch: Disabled
 Parallel Workers: 4
 Concurrent Workers: 1
 Concurrent Refinement Workers: 4
 Periodic GC: Disabled
Heap:
 garbage-first heap   total 159744K, used 71065K [0x0000000705000000, 0x0000000800000000)
  region size 2048K, 24 young (49152K), 2 survivors (4096K)
 Metaspace       used 64872K, committed 65408K, reserved 1105920K
  class space    used 8708K, committed 8960K, reserved 1048576K
GC Heap History (20 events):
Event: 3.481 GC heap before
{Heap before GC invocations=7 (full 0):
 garbage-first heap   total 61440K, used 41770K [0x0000000705000000, 0x0000000800000000)
  region size 2048K, 13 young (26624K), 1 survivors (2048K)
 Metaspace       used 29574K, committed 30016K, reserved 1081344K
  class space    used 3741K, committed 3968K, reserved 1048576K
}
Event: 3.486 GC heap after
{Heap after GC invocations=8 (full 0):
 garbage-first heap   total 61440K, used 18630K [0x0000000705000000, 0x0000000800000000)
  region size 2048K, 2 young (4096K), 2 survivors (4096K)
 Metaspace       used 29574K, committed 30016K, reserved 1081344K
  class space    used 3741K, committed 3968K, reserved 1048576K
}
Event: 4.086 GC heap before
{Heap before GC invocations=8 (full 0):
 garbage-first heap   total 61440K, used 43206K [0x0000000705000000, 0x0000000800000000)
  region size 2048K, 14 young (28672K), 2 survivors (4096K)
 Metaspace       used 34570K, committed 35072K, reserved 1081344K
  class space    used 4468K, committed 4736K, reserved 1048576K
}
Event: 4.090 GC heap after
{Heap after GC invocations=9 (full 0):
 garbage-first heap   total 61440K, used 20071K [0x0000000705000000, 0x0000000800000000)
  region size 2048K, 2 young (4096K), 2 survivors (4096K)
 Metaspace       used 34570K, committed 35072K, reserved 1081344K
  class space    used 4468K, committed 4736K, reserved 1048576K
}
Event: 4.213 GC heap before
{Heap before GC invocations=9 (full 0):
 garbage-first heap   total 61440K, used 22119K [0x0000000705000000, 0x0000000800000000)
  region size 2048K, 4 young (8192K), 2 survivors (4096K)
 Metaspace       used 35622K, committed 36096K, reserved 1081344K
  class space    used 4632K, committed 4864K, reserved 1048576K
}
Event: 4.217 GC heap after
{Heap after GC invocations=10 (full 0):
 garbage-first heap   total 61440K, used 20283K [0x0000000705000000, 0x0000000800000000)
  region size 2048K, 1 young (2048K), 1 survivors (2048K)
 Metaspace       used 35622K, committed 36096K, reserved 1081344K
  class space    used 4632K, committed 4864K, reserved 1048576K
}
Event: 4.821 GC heap before
{Heap before GC invocations=11 (full 0):
 garbage-first heap   total 61440K, used 44859K [0x0000000705000000, 0x0000000800000000)
  region size 2048K, 13 young (26624K), 1 survivors (2048K)
 Metaspace       used 45689K, committed 46208K, reserved 1089536K
  class space    used 5942K, committed 6208K, reserved 1048576K
}
Event: 4.825 GC heap after
{Heap after GC invocations=12 (full 0):
 garbage-first heap   total 61440K, used 22402K [0x0000000705000000, 0x0000000800000000)
  region size 2048K, 2 young (4096K), 2 survivors (4096K)
 Metaspace       used 45689K, committed 46208K, reserved 1089536K
  class space    used 5942K, committed 6208K, reserved 1048576K
}
Event: 4.880 GC heap before
{Heap before GC invocations=12 (full 0):
 garbage-first heap   total 61440K, used 24450K [0x0000000705000000, 0x0000000800000000)
  region size 2048K, 3 young (6144K), 2 survivors (4096K)
 Metaspace       used 46078K, committed 46528K, reserved 1089536K
  class space    used 5979K, committed 6208K, reserved 1048576K
}
Event: 4.886 GC heap after
{Heap after GC invocations=13 (full 0):
 garbage-first heap   total 61440K, used 22490K [0x0000000705000000, 0x0000000800000000)
  region size 2048K, 1 young (2048K), 1 survivors (2048K)
 Metaspace       used 46078K, committed 46528K, reserved 1089536K
  class space    used 5979K, committed 6208K, reserved 1048576K
}
Event: 5.420 GC heap before
{Heap before GC invocations=13 (full 0):
 garbage-first heap   total 61440K, used 45018K [0x0000000705000000, 0x0000000800000000)
  region size 2048K, 12 young (24576K), 1 survivors (2048K)
 Metaspace       used 51220K, committed 51712K, reserved 1097728K
  class space    used 6582K, committed 6848K, reserved 1048576K
}
Event: 5.422 GC heap after
{Heap after GC invocations=14 (full 0):
 garbage-first heap   total 61440K, used 23640K [0x0000000705000000, 0x0000000800000000)
  region size 2048K, 1 young (2048K), 1 survivors (2048K)
 Metaspace       used 51220K, committed 51712K, reserved 1097728K
  class space    used 6582K, committed 6848K, reserved 1048576K
}
Event: 5.854 GC heap before
{Heap before GC invocations=14 (full 0):
 garbage-first heap   total 61440K, used 44120K [0x0000000705000000, 0x0000000800000000)
  region size 2048K, 12 young (24576K), 1 survivors (2048K)
 Metaspace       used 56275K, committed 56704K, reserved 1097728K
  class space    used 7507K, committed 7744K, reserved 1048576K
}
Event: 5.856 GC heap after
{Heap after GC invocations=15 (full 0):
 garbage-first heap   total 61440K, used 24475K [0x0000000705000000, 0x0000000800000000)
  region size 2048K, 2 young (4096K), 2 survivors (4096K)
 Metaspace       used 56275K, committed 56704K, reserved 1097728K
  class space    used 7507K, committed 7744K, reserved 1048576K
}
Event: 6.306 GC heap before
{Heap before GC invocations=15 (full 0):
 garbage-first heap   total 61440K, used 44955K [0x0000000705000000, 0x0000000800000000)
  region size 2048K, 13 young (26624K), 2 survivors (4096K)
 Metaspace       used 60239K, committed 60736K, reserved 1105920K
  class space    used 8076K, committed 8320K, reserved 1048576K
}
Event: 6.309 GC heap after
{Heap after GC invocations=16 (full 0):
 garbage-first heap   total 61440K, used 25843K [0x0000000705000000, 0x0000000800000000)
  region size 2048K, 2 young (4096K), 2 survivors (4096K)
 Metaspace       used 60239K, committed 60736K, reserved 1105920K
  class space    used 8076K, committed 8320K, reserved 1048576K
}
Event: 6.801 GC heap before
{Heap before GC invocations=17 (full 0):
 garbage-first heap   total 61440K, used 46323K [0x0000000705000000, 0x0000000800000000)
  region size 2048K, 12 young (24576K), 2 survivors (4096K)
 Metaspace       used 62590K, committed 63168K, reserved 1105920K
  class space    used 8389K, committed 8640K, reserved 1048576K
}
Event: 6.807 GC heap after
{Heap after GC invocations=18 (full 0):
 garbage-first heap   total 61440K, used 27443K [0x0000000705000000, 0x0000000800000000)
  region size 2048K, 2 young (4096K), 2 survivors (4096K)
 Metaspace       used 62590K, committed 63168K, reserved 1105920K
  class space    used 8389K, committed 8640K, reserved 1048576K
}
Event: 6.956 GC heap before
{Heap before GC invocations=18 (full 0):
 garbage-first heap   total 61440K, used 47923K [0x0000000705000000, 0x0000000800000000)
  region size 2048K, 12 young (24576K), 2 survivors (4096K)
 Metaspace       used 62861K, committed 63424K, reserved 1105920K
  class space    used 8420K, committed 8704K, reserved 1048576K
}
Event: 6.960 GC heap after
{Heap after GC invocations=19 (full 0):
 garbage-first heap   total 159744K, used 28057K [0x0000000705000000, 0x0000000800000000)
  region size 2048K, 2 young (4096K), 2 survivors (4096K)
 Metaspace       used 62861K, committed 63424K, reserved 1105920K
  class space    used 8420K, committed 8704K, reserved 1048576K
}

